[1024/202330.273:ERROR:process_memory_win.cc(73)] ReadMemory at 0x7ff673090000 of 64 bytes failed: 仅完成部分的 ReadProcessMemory 或 WriteProcessMemory 请求。 (0x12B)
[1024/202330.276:WARNING:pe_image_reader.cc(340)] could not read dos header from C:\Program Files (x86)\Google\Chrome\Application\chrome.exe
[1024/202330.276:ERROR:process_memory_win.cc(73)] ReadMemory at 0x7ffcf1f30000 of 64 bytes failed: 仅完成部分的 ReadProcessMemory 或 WriteProcessMemory 请求。 (0x12B)
[1024/202330.276:WARNING:pe_image_reader.cc(340)] could not read dos header from C:\windows\SYSTEM32\ntdll.dll
[1024/202330.276:ERROR:process_memory_win.cc(73)] ReadMemory at 0x7ffcefee0000 of 64 bytes failed: 仅完成部分的 ReadProcessMemory 或 WriteProcessMemory 请求。 (0x12B)
[1024/202330.277:WARNING:pe_image_reader.cc(340)] could not read dos header from C:\windows\System32\KERNEL32.DLL
[1024/202330.277:ERROR:process_memory_win.cc(73)] ReadMemory at 0x7ffceeb10000 of 64 bytes failed: 仅完成部分的 ReadProcessMemory 或 WriteProcessMemory 请求。 (0x12B)
[1024/202330.277:WARNING:pe_image_reader.cc(340)] could not read dos header from C:\windows\System32\KERNELBASE.dll
[1024/202330.277:ERROR:process_memory_win.cc(73)] ReadMemory at 0x7ffcec580000 of 64 bytes failed: 仅完成部分的 ReadProcessMemory 或 WriteProcessMemory 请求。 (0x12B)
[1024/202330.277:WARNING:pe_image_reader.cc(340)] could not read dos header from C:\windows\SYSTEM32\apphelp.dll
[1024/202330.277:ERROR:process_memory_win.cc(73)] ReadMemory at 0x7ffcf09b0000 of 64 bytes failed: 仅完成部分的 ReadProcessMemory 或 WriteProcessMemory 请求。 (0x12B)
[1024/202330.277:WARNING:pe_image_reader.cc(340)] could not read dos header from C:\windows\System32\SHELL32.dll
[1024/202330.277:ERROR:process_memory_win.cc(73)] ReadMemory at 0x7ffcef500000 of 64 bytes failed: 仅完成部分的 ReadProcessMemory 或 WriteProcessMemory 请求。 (0x12B)
[1024/202330.277:WARNING:pe_image_reader.cc(340)] could not read dos header from C:\windows\System32\msvcrt.dll
[1024/202330.277:ERROR:process_memory_win.cc(73)] ReadMemory at 0x7ffcef1b0000 of 64 bytes failed: 仅完成部分的 ReadProcessMemory 或 WriteProcessMemory 请求。 (0x12B)
[1024/202330.277:WARNING:pe_image_reader.cc(340)] could not read dos header from C:\windows\System32\cfgmgr32.dll
[1024/202330.277:ERROR:process_memory_win.cc(73)] ReadMemory at 0x7ffceea10000 of 64 bytes failed: 仅完成部分的 ReadProcessMemory 或 WriteProcessMemory 请求。 (0x12B)
[1024/202330.277:WARNING:pe_image_reader.cc(340)] could not read dos header from C:\windows\System32\ucrtbase.dll
[1024/202330.277:ERROR:process_memory_win.cc(73)] ReadMemory at 0x7ffcef450000 of 64 bytes failed: 仅完成部分的 ReadProcessMemory 或 WriteProcessMemory 请求。 (0x12B)
[1024/202330.277:WARNING:pe_image_reader.cc(340)] could not read dos header from C:\windows\System32\shcore.dll
[1024/202330.277:ERROR:process_memory_win.cc(73)] ReadMemory at 0x21056d20000 of 64 bytes failed: 仅完成部分的 ReadProcessMemory 或 WriteProcessMemory 请求。 (0x12B)
[1024/202330.277:WARNING:pe_image_reader.cc(340)] could not read dos header from C:\windows\System32\RPCRT4.dll
[1024/202330.277:ERROR:process_memory_win.cc(73)] ReadMemory at 0x7ffcf0670000 of 64 bytes failed: 仅完成部分的 ReadProcessMemory 或 WriteProcessMemory 请求。 (0x12B)
[1024/202330.277:WARNING:pe_image_reader.cc(340)] could not read dos header from C:\windows\System32\combase.dll
[1024/202330.278:ERROR:process_memory_win.cc(73)] ReadMemory at 0x7ffcef080000 of 64 bytes failed: 仅完成部分的 ReadProcessMemory 或 WriteProcessMemory 请求。 (0x12B)
[1024/202330.278:WARNING:pe_image_reader.cc(340)] could not read dos header from C:\windows\System32\bcryptPrimitives.dll
[1024/202330.278:ERROR:process_memory_win.cc(73)] ReadMemory at 0x7ffcee300000 of 64 bytes failed: 仅完成部分的 ReadProcessMemory 或 WriteProcessMemory 请求。 (0x12B)
[1024/202330.278:WARNING:pe_image_reader.cc(340)] could not read dos header from C:\windows\System32\windows.storage.dll
[1024/202330.278:ERROR:process_memory_win.cc(73)] ReadMemory at 0x7ffcefc50000 of 64 bytes failed: 仅完成部分的 ReadProcessMemory 或 WriteProcessMemory 请求。 (0x12B)
[1024/202330.278:WARNING:pe_image_reader.cc(340)] could not read dos header from C:\windows\System32\advapi32.dll
[1024/202330.278:ERROR:process_memory_win.cc(73)] ReadMemory at 0x7ffcf1ea0000 of 64 bytes failed: 仅完成部分的 ReadProcessMemory 或 WriteProcessMemory 请求。 (0x12B)
[1024/202330.278:WARNING:pe_image_reader.cc(340)] could not read dos header from C:\windows\System32\sechost.dll
[1024/202330.278:ERROR:process_memory_win.cc(73)] ReadMemory at 0x7ffcef700000 of 64 bytes failed: 仅完成部分的 ReadProcessMemory 或 WriteProcessMemory 请求。 (0x12B)
[1024/202330.278:WARNING:pe_image_reader.cc(340)] could not read dos header from C:\windows\System32\shlwapi.dll
[1024/202330.278:ERROR:process_memory_win.cc(73)] ReadMemory at 0x7ffcef760000 of 64 bytes failed: 仅完成部分的 ReadProcessMemory 或 WriteProcessMemory 请求。 (0x12B)
[1024/202330.278:WARNING:pe_image_reader.cc(340)] could not read dos header from C:\windows\System32\GDI32.dll
[1024/202330.278:ERROR:process_memory_win.cc(73)] ReadMemory at 0x7ffcef220000 of 64 bytes failed: 仅完成部分的 ReadProcessMemory 或 WriteProcessMemory 请求。 (0x12B)
[1024/202330.278:WARNING:pe_image_reader.cc(340)] could not read dos header from C:\windows\System32\gdi32full.dll
[1024/202330.278:ERROR:process_memory_win.cc(73)] ReadMemory at 0x7ffceef80000 of 64 bytes failed: 仅完成部分的 ReadProcessMemory 或 WriteProcessMemory 请求。 (0x12B)
[1024/202330.278:WARNING:pe_image_reader.cc(340)] could not read dos header from C:\windows\System32\msvcp_win.dll
[1024/202330.278:ERROR:process_memory_win.cc(73)] ReadMemory at 0x7ffcef790000 of 64 bytes failed: 仅完成部分的 ReadProcessMemory 或 WriteProcessMemory 请求。 (0x12B)
[1024/202330.278:WARNING:pe_image_reader.cc(340)] could not read dos header from C:\windows\System32\USER32.dll
[1024/202330.278:ERROR:process_memory_win.cc(73)] ReadMemory at 0x7ffcef200000 of 64 bytes failed: 仅完成部分的 ReadProcessMemory 或 WriteProcessMemory 请求。 (0x12B)
[1024/202330.278:WARNING:pe_image_reader.cc(340)] could not read dos header from C:\windows\System32\win32u.dll
[1024/202330.278:ERROR:process_memory_win.cc(73)] ReadMemory at 0x7ffcee2c0000 of 64 bytes failed: 仅完成部分的 ReadProcessMemory 或 WriteProcessMemory 请求。 (0x12B)
[1024/202330.278:WARNING:pe_image_reader.cc(340)] could not read dos header from C:\windows\System32\kernel.appcore.dll
[1024/202330.278:ERROR:process_memory_win.cc(73)] ReadMemory at 0x7ffcee2e0000 of 64 bytes failed: 仅完成部分的 ReadProcessMemory 或 WriteProcessMemory 请求。 (0x12B)
[1024/202330.278:WARNING:pe_image_reader.cc(340)] could not read dos header from C:\windows\System32\profapi.dll
[1024/202330.279:ERROR:process_memory_win.cc(73)] ReadMemory at 0x7ffcee250000 of 64 bytes failed: 仅完成部分的 ReadProcessMemory 或 WriteProcessMemory 请求。 (0x12B)
[1024/202330.279:WARNING:pe_image_reader.cc(340)] could not read dos header from C:\windows\System32\powrprof.dll
[1024/202330.279:ERROR:process_memory_win.cc(73)] ReadMemory at 0x7ffcee240000 of 64 bytes failed: 仅完成部分的 ReadProcessMemory 或 WriteProcessMemory 请求。 (0x12B)
[1024/202330.279:WARNING:pe_image_reader.cc(340)] could not read dos header from C:\windows\System32\FLTLIB.DLL
[1024/202330.279:ERROR:process_memory_win.cc(73)] ReadMemory at 0x7ffcc9080000 of 64 bytes failed: 仅完成部分的 ReadProcessMemory 或 WriteProcessMemory 请求。 (0x12B)
[1024/202330.279:WARNING:pe_image_reader.cc(340)] could not read dos header from C:\Program Files (x86)\Google\Chrome\Application\74.0.3729.108\chrome_elf.dll
[1024/202330.279:ERROR:process_memory_win.cc(73)] ReadMemory at 0x7ffce1c40000 of 64 bytes failed: 仅完成部分的 ReadProcessMemory 或 WriteProcessMemory 请求。 (0x12B)
[1024/202330.279:WARNING:pe_image_reader.cc(340)] could not read dos header from C:\windows\SYSTEM32\VERSION.dll
[1024/202330.279:ERROR:process_memory_win.cc(73)] ReadMemory at 0x7ffcebdb0000 of 64 bytes failed: 仅完成部分的 ReadProcessMemory 或 WriteProcessMemory 请求。 (0x12B)
[1024/202330.279:WARNING:pe_image_reader.cc(340)] could not read dos header from C:\windows\SYSTEM32\WINMM.dll
[1024/202330.279:ERROR:process_memory_win.cc(73)] ReadMemory at 0x7ffcee140000 of 64 bytes failed: 仅完成部分的 ReadProcessMemory 或 WriteProcessMemory 请求。 (0x12B)
[1024/202330.279:WARNING:pe_image_reader.cc(340)] could not read dos header from C:\windows\SYSTEM32\USERENV.dll
[1024/202330.279:ERROR:process_memory_win.cc(73)] ReadMemory at 0x7ffcebd80000 of 64 bytes failed: 仅完成部分的 ReadProcessMemory 或 WriteProcessMemory 请求。 (0x12B)
[1024/202330.279:WARNING:pe_image_reader.cc(340)] could not read dos header from C:\windows\SYSTEM32\WINMMBASE.dll
[1024/202330.279:ERROR:process_memory_win.cc(73)] ReadMemory at 0x7ffcedc50000 of 64 bytes failed: 仅完成部分的 ReadProcessMemory 或 WriteProcessMemory 请求。 (0x12B)
[1024/202330.279:WARNING:pe_image_reader.cc(340)] could not read dos header from C:\windows\SYSTEM32\CRYPTBASE.DLL
[1024/202330.279:ERROR:process_memory_win.cc(73)] ReadMemory at 0x7ffcef920000 of 64 bytes failed: 仅完成部分的 ReadProcessMemory 或 WriteProcessMemory 请求。 (0x12B)
[1024/202330.279:WARNING:pe_image_reader.cc(340)] could not read dos header from C:\windows\System32\IMM32.DLL
[1024/202330.279:ERROR:process_memory_win.cc(73)] ReadMemory at 0x7ffc9fe50000 of 64 bytes failed: 仅完成部分的 ReadProcessMemory 或 WriteProcessMemory 请求。 (0x12B)
[1024/202330.279:WARNING:pe_image_reader.cc(340)] could not read dos header from C:\Program Files (x86)\Google\Chrome\Application\74.0.3729.108\chrome_child.dll
[1024/202330.279:ERROR:process_memory_win.cc(73)] ReadMemory at 0x7ffcefa40000 of 64 bytes failed: 仅完成部分的 ReadProcessMemory 或 WriteProcessMemory 请求。 (0x12B)
[1024/202330.280:WARNING:pe_image_reader.cc(340)] could not read dos header from C:\windows\System32\WS2_32.dll
[1024/202330.280:ERROR:process_memory_win.cc(73)] ReadMemory at 0x7ffcef5a0000 of 64 bytes failed: 仅完成部分的 ReadProcessMemory 或 WriteProcessMemory 请求。 (0x12B)
[1024/202330.280:WARNING:pe_image_reader.cc(340)] could not read dos header from C:\windows\System32\ole32.dll
[1024/202330.280:ERROR:process_memory_win.cc(73)] ReadMemory at 0x7ffcf00d0000 of 64 bytes failed: 仅完成部分的 ReadProcessMemory 或 WriteProcessMemory 请求。 (0x12B)
[1024/202330.280:WARNING:pe_image_reader.cc(340)] could not read dos header from C:\windows\System32\OLEAUT32.dll
[1024/202330.280:ERROR:process_memory_win.cc(73)] ReadMemory at 0x7ffcef020000 of 64 bytes failed: 仅完成部分的 ReadProcessMemory 或 WriteProcessMemory 请求。 (0x12B)
[1024/202330.280:WARNING:pe_image_reader.cc(340)] could not read dos header from C:\windows\System32\WINTRUST.dll
[1024/202330.280:ERROR:process_memory_win.cc(73)] ReadMemory at 0x7ffcee2a0000 of 64 bytes failed: 仅完成部分的 ReadProcessMemory 或 WriteProcessMemory 请求。 (0x12B)
[1024/202330.280:WARNING:pe_image_reader.cc(340)] could not read dos header from C:\windows\System32\MSASN1.dll
[1024/202330.280:ERROR:process_memory_win.cc(73)] ReadMemory at 0x7ffceed90000 of 64 bytes failed: 仅完成部分的 ReadProcessMemory 或 WriteProcessMemory 请求。 (0x12B)
[1024/202330.280:WARNING:pe_image_reader.cc(340)] could not read dos header from C:\windows\System32\CRYPT32.dll
[1024/202330.280:ERROR:process_memory_win.cc(73)] ReadMemory at 0x7ffcef950000 of 64 bytes failed: 仅完成部分的 ReadProcessMemory 或 WriteProcessMemory 请求。 (0x12B)
[1024/202330.280:WARNING:pe_image_reader.cc(340)] could not read dos header from C:\windows\System32\COMDLG32.dll
[1024/202330.280:ERROR:process_memory_win.cc(73)] ReadMemory at 0x7ffced820000 of 64 bytes failed: 仅完成部分的 ReadProcessMemory 或 WriteProcessMemory 请求。 (0x12B)
[1024/202330.280:WARNING:pe_image_reader.cc(340)] could not read dos header from C:\windows\SYSTEM32\IPHLPAPI.DLL
[1024/202330.280:ERROR:process_memory_win.cc(73)] ReadMemory at 0x7ffce9070000 of 64 bytes failed: 仅完成部分的 ReadProcessMemory 或 WriteProcessMemory 请求。 (0x12B)
[1024/202330.280:WARNING:pe_image_reader.cc(340)] could not read dos header from C:\windows\SYSTEM32\OLEACC.dll
[1024/202330.280:ERROR:process_memory_win.cc(73)] ReadMemory at 0x7ffcd5ea0000 of 64 bytes failed: 仅完成部分的 ReadProcessMemory 或 WriteProcessMemory 请求。 (0x12B)
[1024/202330.280:WARNING:pe_image_reader.cc(340)] could not read dos header from C:\windows\SYSTEM32\UIAutomationCore.DLL
[1024/202330.280:ERROR:process_memory_win.cc(73)] ReadMemory at 0x7ffceaef0000 of 64 bytes failed: 仅完成部分的 ReadProcessMemory 或 WriteProcessMemory 请求。 (0x12B)
[1024/202330.280:WARNING:pe_image_reader.cc(340)] could not read dos header from C:\windows\SYSTEM32\WTSAPI32.dll
[1024/202330.281:ERROR:process_memory_win.cc(73)] ReadMemory at 0x7ffce2620000 of 64 bytes failed: 仅完成部分的 ReadProcessMemory 或 WriteProcessMemory 请求。 (0x12B)
[1024/202330.281:WARNING:pe_image_reader.cc(340)] could not read dos header from C:\windows\SYSTEM32\DWrite.dll
[1024/202330.281:ERROR:process_memory_win.cc(73)] ReadMemory at 0x7ffcecfe0000 of 64 bytes failed: 仅完成部分的 ReadProcessMemory 或 WriteProcessMemory 请求。 (0x12B)
[1024/202330.281:WARNING:pe_image_reader.cc(340)] could not read dos header from C:\windows\SYSTEM32\dxgi.dll
[1024/202330.281:ERROR:process_memory_win.cc(73)] ReadMemory at 0x7ffce5ec0000 of 64 bytes failed: 仅完成部分的 ReadProcessMemory 或 WriteProcessMemory 请求。 (0x12B)
[1024/202330.281:WARNING:pe_image_reader.cc(340)] could not read dos header from C:\windows\SYSTEM32\WINSPOOL.DRV
[1024/202330.281:ERROR:process_memory_win.cc(73)] ReadMemory at 0x7ffcb1b90000 of 64 bytes failed: 仅完成部分的 ReadProcessMemory 或 WriteProcessMemory 请求。 (0x12B)
[1024/202330.281:WARNING:pe_image_reader.cc(340)] could not read dos header from C:\windows\SYSTEM32\dbghelp.dll
[1024/202330.281:ERROR:process_memory_win.cc(73)] ReadMemory at 0x7ffce1580000 of 64 bytes failed: 仅完成部分的 ReadProcessMemory 或 WriteProcessMemory 请求。 (0x12B)
[1024/202330.281:WARNING:pe_image_reader.cc(340)] could not read dos header from C:\windows\WinSxS\amd64_microsoft.windows.common-controls_6595b64144ccf1df_6.0.17134.228_none_fb4599993062b194\COMCTL32.dll
[1024/202330.281:ERROR:process_memory_win.cc(73)] ReadMemory at 0x7ffce8540000 of 64 bytes failed: 仅完成部分的 ReadProcessMemory 或 WriteProcessMemory 请求。 (0x12B)
[1024/202330.281:WARNING:pe_image_reader.cc(340)] could not read dos header from C:\windows\SYSTEM32\USP10.dll
[1024/202330.281:ERROR:process_memory_win.cc(73)] ReadMemory at 0x7ffce98a0000 of 64 bytes failed: 仅完成部分的 ReadProcessMemory 或 WriteProcessMemory 请求。 (0x12B)
[1024/202330.281:WARNING:pe_image_reader.cc(340)] could not read dos header from C:\windows\SYSTEM32\WINHTTP.dll
[1024/202330.281:ERROR:process_memory_win.cc(73)] ReadMemory at 0x7ffce2ef0000 of 64 bytes failed: 仅完成部分的 ReadProcessMemory 或 WriteProcessMemory 请求。 (0x12B)
[1024/202330.281:WARNING:pe_image_reader.cc(340)] could not read dos header from C:\windows\SYSTEM32\urlmon.dll
[1024/202330.281:ERROR:process_memory_win.cc(73)] ReadMemory at 0x7ffcde340000 of 64 bytes failed: 仅完成部分的 ReadProcessMemory 或 WriteProcessMemory 请求。 (0x12B)
[1024/202330.281:WARNING:pe_image_reader.cc(340)] could not read dos header from C:\windows\SYSTEM32\Secur32.dll
[1024/202330.281:ERROR:process_memory_win.cc(73)] ReadMemory at 0x7ffce4b70000 of 64 bytes failed: 仅完成部分的 ReadProcessMemory 或 WriteProcessMemory 请求。 (0x12B)
[1024/202330.282:WARNING:pe_image_reader.cc(340)] could not read dos header from C:\windows\SYSTEM32\dhcpcsvc.DLL
[1024/202330.282:ERROR:process_memory_win.cc(73)] ReadMemory at 0x7ffcf09a0000 of 64 bytes failed: 仅完成部分的 ReadProcessMemory 或 WriteProcessMemory 请求。 (0x12B)
[1024/202330.282:WARNING:pe_image_reader.cc(340)] could not read dos header from C:\windows\System32\NSI.dll
[1024/202330.282:ERROR:process_memory_win.cc(73)] ReadMemory at 0x7ffceacd0000 of 64 bytes failed: 仅完成部分的 ReadProcessMemory 或 WriteProcessMemory 请求。 (0x12B)
[1024/202330.282:WARNING:pe_image_reader.cc(340)] could not read dos header from C:\windows\SYSTEM32\PROPSYS.dll
[1024/202330.282:ERROR:process_memory_win.cc(73)] ReadMemory at 0x7ffcedd80000 of 64 bytes failed: 仅完成部分的 ReadProcessMemory 或 WriteProcessMemory 请求。 (0x12B)
[1024/202330.282:WARNING:pe_image_reader.cc(340)] could not read dos header from C:\windows\SYSTEM32\bcrypt.dll
[1024/202330.282:ERROR:process_memory_win.cc(73)] ReadMemory at 0x7ffce3290000 of 64 bytes failed: 仅完成部分的 ReadProcessMemory 或 WriteProcessMemory 请求。 (0x12B)
[1024/202330.282:WARNING:pe_image_reader.cc(340)] could not read dos header from C:\windows\SYSTEM32\iertutil.dll
[1024/202330.282:ERROR:process_memory_win.cc(73)] ReadMemory at 0x7ffcee170000 of 64 bytes failed: 仅完成部分的 ReadProcessMemory 或 WriteProcessMemory 请求。 (0x12B)
[1024/202330.282:WARNING:pe_image_reader.cc(340)] could not read dos header from C:\windows\SYSTEM32\SSPICLI.DLL
[1024/202330.290:ERROR:process_memory_win.cc(73)] ReadMemory at 0x45eebfb000 of 20480 bytes failed: 仅完成部分的 ReadProcessMemory 或 WriteProcessMemory 请求。 (0x12B)
[1024/202330.290:ERROR:process_memory_win.cc(73)] ReadMemory at 0x45ee87c000 of 852 bytes failed: 仅完成部分的 ReadProcessMemory 或 WriteProcessMemory 请求。 (0x12B)
[1024/202330.290:ERROR:process_memory_win.cc(73)] ReadMemory at 0x45ee87d000 of 6024 bytes failed: 仅完成部分的 ReadProcessMemory 或 WriteProcessMemory 请求。 (0x12B)
[1024/202330.290:ERROR:process_memory_win.cc(73)] ReadMemory at 0x21056c20fc0 of 6010 bytes failed: 仅完成部分的 ReadProcessMemory 或 WriteProcessMemory 请求。 (0x12B)
[1024/202330.290:ERROR:process_memory_win.cc(73)] ReadMemory at 0x21056c22750 of 1012 bytes failed: 仅完成部分的 ReadProcessMemory 或 WriteProcessMemory 请求。 (0x12B)
[1024/202330.291:ERROR:process_memory_win.cc(73)] ReadMemory at 0x21056c22d68 of 118 bytes failed: 仅完成部分的 ReadProcessMemory 或 WriteProcessMemory 请求。 (0x12B)
[1024/202330.291:ERROR:process_memory_win.cc(73)] ReadMemory at 0x21056c22de0 of 648 bytes failed: 仅完成部分的 ReadProcessMemory 或 WriteProcessMemory 请求。 (0x12B)
[1024/202330.291:ERROR:process_memory_win.cc(73)] ReadMemory at 0x21056c2306a of 118 bytes failed: 仅完成部分的 ReadProcessMemory 或 WriteProcessMemory 请求。 (0x12B)
[1024/202330.291:ERROR:process_memory_win.cc(73)] ReadMemory at 0x21056c230e2 of 100 bytes failed: 仅完成部分的 ReadProcessMemory 或 WriteProcessMemory 请求。 (0x12B)
[1024/202330.291:ERROR:process_memory_win.cc(73)] ReadMemory at 0x21056c23160 of 58 bytes failed: 仅完成部分的 ReadProcessMemory 或 WriteProcessMemory 请求。 (0x12B)
[1024/202330.291:ERROR:process_memory_win.cc(73)] ReadMemory at 0x21056c23260 of 132 bytes failed: 仅完成部分的 ReadProcessMemory 或 WriteProcessMemory 请求。 (0x12B)
[1024/202330.291:ERROR:process_memory_win.cc(73)] ReadMemory at 0x21056c233f0 of 132 bytes failed: 仅完成部分的 ReadProcessMemory 或 WriteProcessMemory 请求。 (0x12B)
[1024/202330.291:ERROR:process_memory_win.cc(73)] ReadMemory at 0x21056c235b0 of 126 bytes failed: 仅完成部分的 ReadProcessMemory 或 WriteProcessMemory 请求。 (0x12B)
[1024/202330.291:ERROR:process_memory_win.cc(73)] ReadMemory at 0x21056c23990 of 132 bytes failed: 仅完成部分的 ReadProcessMemory 或 WriteProcessMemory 请求。 (0x12B)
[1024/202330.291:ERROR:process_memory_win.cc(73)] ReadMemory at 0x21056c23b20 of 64 bytes failed: 仅完成部分的 ReadProcessMemory 或 WriteProcessMemory 请求。 (0x12B)
[1024/202330.291:ERROR:process_memory_win.cc(73)] ReadMemory at 0x21056c23b70 of 132 bytes failed: 仅完成部分的 ReadProcessMemory 或 WriteProcessMemory 请求。 (0x12B)
[1024/202330.291:ERROR:process_memory_win.cc(73)] ReadMemory at 0x21056c23e80 of 62 bytes failed: 仅完成部分的 ReadProcessMemory 或 WriteProcessMemory 请求。 (0x12B)
[1024/202330.291:ERROR:process_memory_win.cc(73)] ReadMemory at 0x21056c23f70 of 132 bytes failed: 仅完成部分的 ReadProcessMemory 或 WriteProcessMemory 请求。 (0x12B)
[1024/202330.291:ERROR:process_memory_win.cc(73)] ReadMemory at 0x21056c24100 of 68 bytes failed: 仅完成部分的 ReadProcessMemory 或 WriteProcessMemory 请求。 (0x12B)
[1024/202330.292:ERROR:process_memory_win.cc(73)] ReadMemory at 0x21056c2a410 of 132 bytes failed: 仅完成部分的 ReadProcessMemory 或 WriteProcessMemory 请求。 (0x12B)
[1024/202330.292:ERROR:process_memory_win.cc(73)] ReadMemory at 0x21056c2a620 of 132 bytes failed: 仅完成部分的 ReadProcessMemory 或 WriteProcessMemory 请求。 (0x12B)
[1024/202330.292:ERROR:process_memory_win.cc(73)] ReadMemory at 0x21056c2a750 of 62 bytes failed: 仅完成部分的 ReadProcessMemory 或 WriteProcessMemory 请求。 (0x12B)
[1024/202330.292:ERROR:process_memory_win.cc(73)] ReadMemory at 0x21056c2ab50 of 60 bytes failed: 仅完成部分的 ReadProcessMemory 或 WriteProcessMemory 请求。 (0x12B)
[1024/202330.292:ERROR:process_memory_win.cc(73)] ReadMemory at 0x21056c2bfd0 of 132 bytes failed: 仅完成部分的 ReadProcessMemory 或 WriteProcessMemory 请求。 (0x12B)
[1024/202330.292:ERROR:process_memory_win.cc(73)] ReadMemory at 0x21056c2c160 of 158 bytes failed: 仅完成部分的 ReadProcessMemory 或 WriteProcessMemory 请求。 (0x12B)
[1024/202330.292:ERROR:process_memory_win.cc(73)] ReadMemory at 0x21056c2c360 of 132 bytes failed: 仅完成部分的 ReadProcessMemory 或 WriteProcessMemory 请求。 (0x12B)
[1024/202330.292:ERROR:process_memory_win.cc(73)] ReadMemory at 0x21056c2c4f0 of 64 bytes failed: 仅完成部分的 ReadProcessMemory 或 WriteProcessMemory 请求。 (0x12B)
[1024/202330.292:ERROR:process_memory_win.cc(73)] ReadMemory at 0x21056c2c770 of 132 bytes failed: 仅完成部分的 ReadProcessMemory 或 WriteProcessMemory 请求。 (0x12B)
[1024/202330.292:ERROR:process_memory_win.cc(73)] ReadMemory at 0x21056c2c900 of 64 bytes failed: 仅完成部分的 ReadProcessMemory 或 WriteProcessMemory 请求。 (0x12B)
[1024/202330.292:ERROR:process_memory_win.cc(73)] ReadMemory at 0x21056c2cb60 of 132 bytes failed: 仅完成部分的 ReadProcessMemory 或 WriteProcessMemory 请求。 (0x12B)
[1024/202330.292:ERROR:process_memory_win.cc(73)] ReadMemory at 0x21056c2ccf0 of 60 bytes failed: 仅完成部分的 ReadProcessMemory 或 WriteProcessMemory 请求。 (0x12B)
[1024/202330.293:ERROR:process_memory_win.cc(73)] ReadMemory at 0x21056c2d010 of 132 bytes failed: 仅完成部分的 ReadProcessMemory 或 WriteProcessMemory 请求。 (0x12B)
[1024/202330.293:ERROR:process_memory_win.cc(73)] ReadMemory at 0x21056c2d1a0 of 60 bytes failed: 仅完成部分的 ReadProcessMemory 或 WriteProcessMemory 请求。 (0x12B)
[1024/202330.293:ERROR:process_memory_win.cc(73)] ReadMemory at 0x21056c2d3e0 of 132 bytes failed: 仅完成部分的 ReadProcessMemory 或 WriteProcessMemory 请求。 (0x12B)
[1024/202330.293:ERROR:process_memory_win.cc(73)] ReadMemory at 0x21056c2d570 of 62 bytes failed: 仅完成部分的 ReadProcessMemory 或 WriteProcessMemory 请求。 (0x12B)
[1024/202330.293:ERROR:process_memory_win.cc(73)] ReadMemory at 0x21056c2d8e0 of 132 bytes failed: 仅完成部分的 ReadProcessMemory 或 WriteProcessMemory 请求。 (0x12B)
[1024/202330.293:ERROR:process_memory_win.cc(73)] ReadMemory at 0x21056c2da70 of 80 bytes failed: 仅完成部分的 ReadProcessMemory 或 WriteProcessMemory 请求。 (0x12B)
[1024/202330.293:ERROR:process_memory_win.cc(73)] ReadMemory at 0x21056c2e470 of 132 bytes failed: 仅完成部分的 ReadProcessMemory 或 WriteProcessMemory 请求。 (0x12B)
[1024/202330.293:ERROR:process_memory_win.cc(73)] ReadMemory at 0x21056c2e710 of 78 bytes failed: 仅完成部分的 ReadProcessMemory 或 WriteProcessMemory 请求。 (0x12B)
[1024/202330.293:ERROR:process_memory_win.cc(73)] ReadMemory at 0x21056c2e8f0 of 76 bytes failed: 仅完成部分的 ReadProcessMemory 或 WriteProcessMemory 请求。 (0x12B)
[1024/202330.293:ERROR:process_memory_win.cc(73)] ReadMemory at 0x21056c2f160 of 132 bytes failed: 仅完成部分的 ReadProcessMemory 或 WriteProcessMemory 请求。 (0x12B)
[1024/202330.293:ERROR:process_memory_win.cc(73)] ReadMemory at 0x21056c2f290 of 64 bytes failed: 仅完成部分的 ReadProcessMemory 或 WriteProcessMemory 请求。 (0x12B)
[1024/202330.293:ERROR:process_memory_win.cc(73)] ReadMemory at 0x21056c30400 of 132 bytes failed: 仅完成部分的 ReadProcessMemory 或 WriteProcessMemory 请求。 (0x12B)
[1024/202330.293:ERROR:process_memory_win.cc(73)] ReadMemory at 0x21056c30530 of 62 bytes failed: 仅完成部分的 ReadProcessMemory 或 WriteProcessMemory 请求。 (0x12B)
[1024/202330.293:ERROR:process_memory_win.cc(73)] ReadMemory at 0x21056c306a0 of 132 bytes failed: 仅完成部分的 ReadProcessMemory 或 WriteProcessMemory 请求。 (0x12B)
[1024/202330.294:ERROR:process_memory_win.cc(73)] ReadMemory at 0x21056c307d0 of 132 bytes failed: 仅完成部分的 ReadProcessMemory 或 WriteProcessMemory 请求。 (0x12B)
[1024/202330.294:ERROR:process_memory_win.cc(73)] ReadMemory at 0x21056c30900 of 132 bytes failed: 仅完成部分的 ReadProcessMemory 或 WriteProcessMemory 请求。 (0x12B)
[1024/202330.294:ERROR:process_memory_win.cc(73)] ReadMemory at 0x21056c30a30 of 132 bytes failed: 仅完成部分的 ReadProcessMemory 或 WriteProcessMemory 请求。 (0x12B)
[1024/202330.294:ERROR:process_memory_win.cc(73)] ReadMemory at 0x21056c30b60 of 132 bytes failed: 仅完成部分的 ReadProcessMemory 或 WriteProcessMemory 请求。 (0x12B)
[1024/202330.294:ERROR:process_memory_win.cc(73)] ReadMemory at 0x21056c30c90 of 132 bytes failed: 仅完成部分的 ReadProcessMemory 或 WriteProcessMemory 请求。 (0x12B)
[1024/202330.294:ERROR:process_memory_win.cc(73)] ReadMemory at 0x21056c30dc0 of 132 bytes failed: 仅完成部分的 ReadProcessMemory 或 WriteProcessMemory 请求。 (0x12B)
[1024/202330.294:ERROR:process_memory_win.cc(73)] ReadMemory at 0x21056c30ef0 of 132 bytes failed: 仅完成部分的 ReadProcessMemory 或 WriteProcessMemory 请求。 (0x12B)
[1024/202330.294:ERROR:process_memory_win.cc(73)] ReadMemory at 0x21056c31020 of 132 bytes failed: 仅完成部分的 ReadProcessMemory 或 WriteProcessMemory 请求。 (0x12B)
[1024/202330.294:ERROR:process_memory_win.cc(73)] ReadMemory at 0x21056c31150 of 132 bytes failed: 仅完成部分的 ReadProcessMemory 或 WriteProcessMemory 请求。 (0x12B)
[1024/202330.294:ERROR:process_memory_win.cc(73)] ReadMemory at 0x21056c31280 of 132 bytes failed: 仅完成部分的 ReadProcessMemory 或 WriteProcessMemory 请求。 (0x12B)
[1024/202330.294:ERROR:process_memory_win.cc(73)] ReadMemory at 0x21056c313b0 of 132 bytes failed: 仅完成部分的 ReadProcessMemory 或 WriteProcessMemory 请求。 (0x12B)
[1024/202330.294:ERROR:process_memory_win.cc(73)] ReadMemory at 0x21056c314e0 of 132 bytes failed: 仅完成部分的 ReadProcessMemory 或 WriteProcessMemory 请求。 (0x12B)
[1024/202330.294:ERROR:process_memory_win.cc(73)] ReadMemory at 0x21056c316b0 of 64 bytes failed: 仅完成部分的 ReadProcessMemory 或 WriteProcessMemory 请求。 (0x12B)
[1024/202330.294:ERROR:process_memory_win.cc(73)] ReadMemory at 0x21056c31700 of 62 bytes failed: 仅完成部分的 ReadProcessMemory 或 WriteProcessMemory 请求。 (0x12B)
[1024/202330.295:ERROR:process_memory_win.cc(73)] ReadMemory at 0x21056c31750 of 58 bytes failed: 仅完成部分的 ReadProcessMemory 或 WriteProcessMemory 请求。 (0x12B)
[1024/202330.295:ERROR:process_memory_win.cc(73)] ReadMemory at 0x21056c317a0 of 62 bytes failed: 仅完成部分的 ReadProcessMemory 或 WriteProcessMemory 请求。 (0x12B)
[1024/202330.295:ERROR:process_memory_win.cc(73)] ReadMemory at 0x21056c31840 of 60 bytes failed: 仅完成部分的 ReadProcessMemory 或 WriteProcessMemory 请求。 (0x12B)
[1024/202330.295:ERROR:process_memory_win.cc(73)] ReadMemory at 0x21056c31890 of 60 bytes failed: 仅完成部分的 ReadProcessMemory 或 WriteProcessMemory 请求。 (0x12B)
[1024/202330.295:ERROR:process_memory_win.cc(73)] ReadMemory at 0x21056c318e0 of 66 bytes failed: 仅完成部分的 ReadProcessMemory 或 WriteProcessMemory 请求。 (0x12B)
[1024/202330.295:ERROR:process_memory_win.cc(73)] ReadMemory at 0x21056c31ac0 of 62 bytes failed: 仅完成部分的 ReadProcessMemory 或 WriteProcessMemory 请求。 (0x12B)
[1024/202330.295:ERROR:process_memory_win.cc(73)] ReadMemory at 0x21056c31b10 of 62 bytes failed: 仅完成部分的 ReadProcessMemory 或 WriteProcessMemory 请求。 (0x12B)
[1024/202330.295:ERROR:process_memory_win.cc(73)] ReadMemory at 0x21056c31bb0 of 58 bytes failed: 仅完成部分的 ReadProcessMemory 或 WriteProcessMemory 请求。 (0x12B)
[1024/202330.295:ERROR:process_memory_win.cc(73)] ReadMemory at 0x21056c31c00 of 60 bytes failed: 仅完成部分的 ReadProcessMemory 或 WriteProcessMemory 请求。 (0x12B)
[1024/202330.295:ERROR:process_memory_win.cc(73)] ReadMemory at 0x21056c31c50 of 66 bytes failed: 仅完成部分的 ReadProcessMemory 或 WriteProcessMemory 请求。 (0x12B)
[1024/202330.295:ERROR:process_memory_win.cc(73)] ReadMemory at 0x21056c31ca0 of 64 bytes failed: 仅完成部分的 ReadProcessMemory 或 WriteProcessMemory 请求。 (0x12B)
[1024/202330.295:ERROR:process_memory_win.cc(73)] ReadMemory at 0x21056c31d90 of 66 bytes failed: 仅完成部分的 ReadProcessMemory 或 WriteProcessMemory 请求。 (0x12B)
[1024/202330.295:ERROR:process_memory_win.cc(73)] ReadMemory at 0x21056c336a0 of 246 bytes failed: 仅完成部分的 ReadProcessMemory 或 WriteProcessMemory 请求。 (0x12B)
[1024/202330.295:ERROR:process_memory_win.cc(73)] ReadMemory at 0x21056c337d0 of 154 bytes failed: 仅完成部分的 ReadProcessMemory 或 WriteProcessMemory 请求。 (0x12B)
[1024/202330.296:ERROR:process_memory_win.cc(73)] ReadMemory at 0x21056c35100 of 132 bytes failed: 仅完成部分的 ReadProcessMemory 或 WriteProcessMemory 请求。 (0x12B)
[1024/202330.296:ERROR:process_memory_win.cc(73)] ReadMemory at 0x21056c35230 of 132 bytes failed: 仅完成部分的 ReadProcessMemory 或 WriteProcessMemory 请求。 (0x12B)
[1024/202330.296:ERROR:process_memory_win.cc(73)] ReadMemory at 0x21056c35360 of 132 bytes failed: 仅完成部分的 ReadProcessMemory 或 WriteProcessMemory 请求。 (0x12B)
[1024/202330.296:ERROR:process_memory_win.cc(73)] ReadMemory at 0x21056c35490 of 132 bytes failed: 仅完成部分的 ReadProcessMemory 或 WriteProcessMemory 请求。 (0x12B)
[1024/202330.296:ERROR:process_memory_win.cc(73)] ReadMemory at 0x21056c355c0 of 132 bytes failed: 仅完成部分的 ReadProcessMemory 或 WriteProcessMemory 请求。 (0x12B)
[1024/202330.296:ERROR:process_memory_win.cc(73)] ReadMemory at 0x21056c35820 of 132 bytes failed: 仅完成部分的 ReadProcessMemory 或 WriteProcessMemory 请求。 (0x12B)
[1024/202330.296:ERROR:process_memory_win.cc(73)] ReadMemory at 0x21056c35950 of 132 bytes failed: 仅完成部分的 ReadProcessMemory 或 WriteProcessMemory 请求。 (0x12B)
[1024/202330.296:ERROR:process_memory_win.cc(73)] ReadMemory at 0x21056c35a80 of 132 bytes failed: 仅完成部分的 ReadProcessMemory 或 WriteProcessMemory 请求。 (0x12B)
[1024/202330.296:ERROR:process_memory_win.cc(73)] ReadMemory at 0x21056c35bb0 of 132 bytes failed: 仅完成部分的 ReadProcessMemory 或 WriteProcessMemory 请求。 (0x12B)
[1024/202330.296:ERROR:process_memory_win.cc(73)] ReadMemory at 0x21056c35ce0 of 132 bytes failed: 仅完成部分的 ReadProcessMemory 或 WriteProcessMemory 请求。 (0x12B)
[1024/202330.296:ERROR:process_memory_win.cc(73)] ReadMemory at 0x21056c35e10 of 132 bytes failed: 仅完成部分的 ReadProcessMemory 或 WriteProcessMemory 请求。 (0x12B)
[1024/202330.296:ERROR:process_memory_win.cc(73)] ReadMemory at 0x21056c35f40 of 132 bytes failed: 仅完成部分的 ReadProcessMemory 或 WriteProcessMemory 请求。 (0x12B)
[1024/202330.296:ERROR:process_memory_win.cc(73)] ReadMemory at 0x21056c36070 of 132 bytes failed: 仅完成部分的 ReadProcessMemory 或 WriteProcessMemory 请求。 (0x12B)
[1024/202330.296:ERROR:process_memory_win.cc(73)] ReadMemory at 0x21056c361a0 of 132 bytes failed: 仅完成部分的 ReadProcessMemory 或 WriteProcessMemory 请求。 (0x12B)
[1024/202330.297:ERROR:process_memory_win.cc(73)] ReadMemory at 0x21056c362d0 of 132 bytes failed: 仅完成部分的 ReadProcessMemory 或 WriteProcessMemory 请求。 (0x12B)
[1024/202330.297:ERROR:process_memory_win.cc(73)] ReadMemory at 0x21056c36400 of 132 bytes failed: 仅完成部分的 ReadProcessMemory 或 WriteProcessMemory 请求。 (0x12B)
[1024/202330.297:ERROR:process_memory_win.cc(73)] ReadMemory at 0x21056c36530 of 132 bytes failed: 仅完成部分的 ReadProcessMemory 或 WriteProcessMemory 请求。 (0x12B)
[1024/202330.297:ERROR:process_memory_win.cc(73)] ReadMemory at 0x21056c36660 of 132 bytes failed: 仅完成部分的 ReadProcessMemory 或 WriteProcessMemory 请求。 (0x12B)
[1024/202330.297:ERROR:process_memory_win.cc(73)] ReadMemory at 0x21056c36790 of 132 bytes failed: 仅完成部分的 ReadProcessMemory 或 WriteProcessMemory 请求。 (0x12B)
[1024/202330.297:ERROR:process_memory_win.cc(73)] ReadMemory at 0x21056c368c0 of 132 bytes failed: 仅完成部分的 ReadProcessMemory 或 WriteProcessMemory 请求。 (0x12B)
[1024/202330.297:ERROR:process_memory_win.cc(73)] ReadMemory at 0x21056c369f0 of 132 bytes failed: 仅完成部分的 ReadProcessMemory 或 WriteProcessMemory 请求。 (0x12B)
[1024/202330.297:ERROR:process_memory_win.cc(73)] ReadMemory at 0x21056c36b20 of 132 bytes failed: 仅完成部分的 ReadProcessMemory 或 WriteProcessMemory 请求。 (0x12B)
[1024/202330.297:ERROR:process_memory_win.cc(73)] ReadMemory at 0x21056c36c50 of 132 bytes failed: 仅完成部分的 ReadProcessMemory 或 WriteProcessMemory 请求。 (0x12B)
[1024/202330.297:ERROR:process_memory_win.cc(73)] ReadMemory at 0x21056c36d80 of 132 bytes failed: 仅完成部分的 ReadProcessMemory 或 WriteProcessMemory 请求。 (0x12B)
[1024/202330.297:ERROR:process_memory_win.cc(73)] ReadMemory at 0x21056c36eb0 of 132 bytes failed: 仅完成部分的 ReadProcessMemory 或 WriteProcessMemory 请求。 (0x12B)
[1024/202330.297:ERROR:process_memory_win.cc(73)] ReadMemory at 0x21056c38e60 of 80 bytes failed: 仅完成部分的 ReadProcessMemory 或 WriteProcessMemory 请求。 (0x12B)
[1024/202330.297:ERROR:process_memory_win.cc(73)] ReadMemory at 0x21056c39b00 of 64 bytes failed: 仅完成部分的 ReadProcessMemory 或 WriteProcessMemory 请求。 (0x12B)
[1024/202330.297:ERROR:process_memory_win.cc(73)] ReadMemory at 0x21056c39ba0 of 60 bytes failed: 仅完成部分的 ReadProcessMemory 或 WriteProcessMemory 请求。 (0x12B)
[1024/202330.298:ERROR:process_memory_win.cc(73)] ReadMemory at 0x21056c39c40 of 66 bytes failed: 仅完成部分的 ReadProcessMemory 或 WriteProcessMemory 请求。 (0x12B)
[1024/202330.298:ERROR:process_memory_win.cc(73)] ReadMemory at 0x21056c39c90 of 60 bytes failed: 仅完成部分的 ReadProcessMemory 或 WriteProcessMemory 请求。 (0x12B)
[1024/202330.298:ERROR:process_memory_win.cc(73)] ReadMemory at 0x21056c3a000 of 60 bytes failed: 仅完成部分的 ReadProcessMemory 或 WriteProcessMemory 请求。 (0x12B)
[1024/202330.298:ERROR:process_memory_win.cc(73)] ReadMemory at 0x21056c3a0a0 of 62 bytes failed: 仅完成部分的 ReadProcessMemory 或 WriteProcessMemory 请求。 (0x12B)
[1024/202330.298:ERROR:process_memory_win.cc(73)] ReadMemory at 0x21056c3a190 of 64 bytes failed: 仅完成部分的 ReadProcessMemory 或 WriteProcessMemory 请求。 (0x12B)
[1024/202330.298:ERROR:process_memory_win.cc(73)] ReadMemory at 0x21056c3a320 of 58 bytes failed: 仅完成部分的 ReadProcessMemory 或 WriteProcessMemory 请求。 (0x12B)
[1024/202330.298:ERROR:process_memory_win.cc(73)] ReadMemory at 0x21056c3a4b0 of 58 bytes failed: 仅完成部分的 ReadProcessMemory 或 WriteProcessMemory 请求。 (0x12B)
[1024/202330.298:ERROR:process_memory_win.cc(73)] ReadMemory at 0x21056c3a550 of 64 bytes failed: 仅完成部分的 ReadProcessMemory 或 WriteProcessMemory 请求。 (0x12B)
[1024/202330.298:ERROR:process_memory_win.cc(73)] ReadMemory at 0x21056c3a5f0 of 64 bytes failed: 仅完成部分的 ReadProcessMemory 或 WriteProcessMemory 请求。 (0x12B)
[1024/202330.298:ERROR:process_memory_win.cc(73)] ReadMemory at 0x21056c40520 of 54 bytes failed: 仅完成部分的 ReadProcessMemory 或 WriteProcessMemory 请求。 (0x12B)
[1024/202330.298:ERROR:process_memory_win.cc(73)] ReadMemory at 0x21056c49890 of 62 bytes failed: 仅完成部分的 ReadProcessMemory 或 WriteProcessMemory 请求。 (0x12B)
[1024/202330.298:ERROR:process_memory_win.cc(73)] ReadMemory at 0x21056c49980 of 60 bytes failed: 仅完成部分的 ReadProcessMemory 或 WriteProcessMemory 请求。 (0x12B)
[1024/202330.298:ERROR:process_memory_win.cc(73)] ReadMemory at 0x21056c499d0 of 62 bytes failed: 仅完成部分的 ReadProcessMemory 或 WriteProcessMemory 请求。 (0x12B)
[1024/202330.298:ERROR:process_memory_win.cc(73)] ReadMemory at 0x21056c49bb0 of 62 bytes failed: 仅完成部分的 ReadProcessMemory 或 WriteProcessMemory 请求。 (0x12B)
[1024/202330.299:ERROR:process_memory_win.cc(73)] ReadMemory at 0x21056c4a060 of 60 bytes failed: 仅完成部分的 ReadProcessMemory 或 WriteProcessMemory 请求。 (0x12B)
[1024/202330.299:ERROR:process_memory_win.cc(73)] ReadMemory at 0x21056c4a100 of 56 bytes failed: 仅完成部分的 ReadProcessMemory 或 WriteProcessMemory 请求。 (0x12B)
[1024/202330.299:ERROR:process_memory_win.cc(73)] ReadMemory at 0x21056c4a1f0 of 64 bytes failed: 仅完成部分的 ReadProcessMemory 或 WriteProcessMemory 请求。 (0x12B)
[1024/202330.299:ERROR:process_memory_win.cc(73)] ReadMemory at 0x21056c4a290 of 58 bytes failed: 仅完成部分的 ReadProcessMemory 或 WriteProcessMemory 请求。 (0x12B)
[1024/202330.299:ERROR:process_memory_win.cc(73)] ReadMemory at 0x21056c4a380 of 62 bytes failed: 仅完成部分的 ReadProcessMemory 或 WriteProcessMemory 请求。 (0x12B)
[1024/202330.299:ERROR:process_memory_win.cc(73)] ReadMemory at 0x21056c4a3d0 of 64 bytes failed: 仅完成部分的 ReadProcessMemory 或 WriteProcessMemory 请求。 (0x12B)
[1024/202330.299:ERROR:process_memory_win.cc(73)] ReadMemory at 0x21056c4a5b0 of 60 bytes failed: 仅完成部分的 ReadProcessMemory 或 WriteProcessMemory 请求。 (0x12B)
[1024/202330.299:ERROR:process_memory_win.cc(73)] ReadMemory at 0x21056c4a6f0 of 64 bytes failed: 仅完成部分的 ReadProcessMemory 或 WriteProcessMemory 请求。 (0x12B)
[1024/202330.299:ERROR:process_memory_win.cc(73)] ReadMemory at 0x21056c4a740 of 62 bytes failed: 仅完成部分的 ReadProcessMemory 或 WriteProcessMemory 请求。 (0x12B)
[1024/202330.299:ERROR:process_memory_win.cc(73)] ReadMemory at 0x21056c4a9d0 of 132 bytes failed: 仅完成部分的 ReadProcessMemory 或 WriteProcessMemory 请求。 (0x12B)
[1024/202330.299:ERROR:process_memory_win.cc(73)] ReadMemory at 0x21056c4ac30 of 132 bytes failed: 仅完成部分的 ReadProcessMemory 或 WriteProcessMemory 请求。 (0x12B)
[1024/202330.299:ERROR:process_memory_win.cc(73)] ReadMemory at 0x21056c4b480 of 132 bytes failed: 仅完成部分的 ReadProcessMemory 或 WriteProcessMemory 请求。 (0x12B)
[1024/202330.299:ERROR:process_memory_win.cc(73)] ReadMemory at 0x21056c4b810 of 132 bytes failed: 仅完成部分的 ReadProcessMemory 或 WriteProcessMemory 请求。 (0x12B)
[1024/202330.299:ERROR:process_memory_win.cc(73)] ReadMemory at 0x21056c4bcd0 of 132 bytes failed: 仅完成部分的 ReadProcessMemory 或 WriteProcessMemory 请求。 (0x12B)
[1024/202330.300:ERROR:process_memory_win.cc(73)] ReadMemory at 0x7ffceeb6fa7e of 512 bytes failed: 仅完成部分的 ReadProcessMemory 或 WriteProcessMemory 请求。 (0x12B)
[1024/202330.300:ERROR:process_memory_win.cc(73)] ReadMemory at 0x7ffcef1b0000 of 384 bytes failed: 仅完成部分的 ReadProcessMemory 或 WriteProcessMemory 请求。 (0x12B)
[1024/202330.300:ERROR:process_memory_win.cc(73)] ReadMemory at 0x7ffcef1c1c50 of 512 bytes failed: 仅完成部分的 ReadProcessMemory 或 WriteProcessMemory 请求。 (0x12B)
[1024/202330.300:ERROR:process_memory_win.cc(73)] ReadMemory at 0x7ffcf1fca4b4 of 512 bytes failed: 仅完成部分的 ReadProcessMemory 或 WriteProcessMemory 请求。 (0x12B)
[1024/202330.300:ERROR:process_memory_win.cc(73)] ReadMemory at 0x7ffcf1fcdc1a of 512 bytes failed: 仅完成部分的 ReadProcessMemory 或 WriteProcessMemory 请求。 (0x12B)
[1024/202330.300:ERROR:process_memory_win.cc(73)] ReadMemory at 0x7ffcf2053810 of 18 bytes failed: 仅完成部分的 ReadProcessMemory 或 WriteProcessMemory 请求。 (0x12B)
[1024/202330.300:ERROR:process_memory_win.cc(73)] ReadMemory at 0x7ffcf20864e0 of 40 bytes failed: 仅完成部分的 ReadProcessMemory 或 WriteProcessMemory 请求。 (0x12B)
[1024/202330.300:ERROR:process_memory_win.cc(73)] ReadMemory at 0x7ffcf2086938 of 48 bytes failed: 仅完成部分的 ReadProcessMemory 或 WriteProcessMemory 请求。 (0x12B)
[1024/202330.300:ERROR:process_memory_win.cc(73)] ReadMemory at 0x7ffcf208c260 of 512 bytes failed: 仅完成部分的 ReadProcessMemory 或 WriteProcessMemory 请求。 (0x12B)
[1024/202330.302:ERROR:scoped_process_suspend.cc(40)] NtResumeProcess: 已尝试访问正在退出的过程。 (0xc000010a)
